<?xml version="1.0" encoding="UTF-8"?>
<testsuite xmlns:xsi="http://www.w3.org/2001/XMLSchema-instance" xsi:noNamespaceSchemaLocation="https://maven.apache.org/surefire/maven-surefire-plugin/xsd/surefire-test-report-3.0.xsd" version="3.0" name="com.tictactoe.PlayerTest" time="1.537" tests="4" errors="0" skipped="0" failures="0">
  <properties>
[...]
</properties>
  <testcase name="testGetColor_to_check_playerX_color" classname="com.tictactoe.PlayerTest" time="0.181"/>
  <testcase name="testGetSymbol_to_check_if_symbol_is_assignated_to_player" classname="com.tictactoe.PlayerTest" time="0.011"/>
  <testcase name="testPlayerOColor" classname="com.tictactoe.PlayerTest" time="0.008"/>
  <testcase name="testPlayerTurn" classname="com.tictactoe.PlayerTest" time="0.745">
    <system-out><![CDATA[&amp#27;[0;35m
Turno: X&amp#27;[0m
&amp#27;[33m
Selecciona una fila y una columna (0-2, ej.: 1 1): &amp#27;[0m]]></system-out>
  </testcase>
</testsuite>